<?xml version="1.0" encoding="UTF-8"?>
<testsuite name="MusicAccountRetrieverTest" tests="2" skipped="0" failures="0" errors="0" timestamp="2024-08-15T05:21:15" hostname="Use" time="0.008">
  <properties/>
  <testcase name="retrieveAccount_returnCorrectData_returnsData()" classname="MusicAccountRetrieverTest" time="0.005"/>
  <testcase name="retrieveAccount_ifFutureNull_futureNotNull()" classname="MusicAccountRetrieverTest" time="0.002"/>
  <system-out><![CDATA[]]></system-out>
  <system-err><![CDATA[]]></system-err>
</testsuite>
